2017-09-21 00:16:35 23 [Warning] Using unique option prefix myisam-recover instead of myisam-recover-options is deprecated and will be removed in a future release. Please use the full name instead.
2017-09-21 00:16:35 23 [Note] Plugin 'FEDERATED' is disabled.
2017-09-21 00:16:35 23 [Note] InnoDB: Using atomics to ref count buffer pool pages
2017-09-21 00:16:35 23 [Note] InnoDB: The InnoDB memory heap is disabled
2017-09-21 00:16:35 23 [Note] InnoDB: Mutexes and rw_locks use GCC atomic builtins
2017-09-21 00:16:35 23 [Note] InnoDB: Memory barrier is not used
2017-09-21 00:16:35 23 [Note] InnoDB: Compressed tables use zlib 1.2.3
2017-09-21 00:16:35 23 [Note] InnoDB: Using Linux native AIO
2017-09-21 00:16:35 23 [Note] InnoDB: Using CPU crc32 instructions
2017-09-21 00:16:35 23 [Note] InnoDB: Initializing buffer pool, size = 8.0M
2017-09-21 00:16:35 23 [Note] InnoDB: Completed initialization of buffer pool
2017-09-21 00:16:35 23 [Note] InnoDB: Highest supported file format is Barracuda.
2017-09-21 00:16:35 23 [Note] InnoDB: The log sequence numbers 1625987 and 1625987 in ibdata files do not match the log sequence number 1625997 in the ib_logfiles!
2017-09-21 00:16:35 23 [Note] InnoDB: Database was not shutdown normally!
2017-09-21 00:16:35 23 [Note] InnoDB: Starting crash recovery.
2017-09-21 00:16:35 23 [Note] InnoDB: Reading tablespace information from the .ibd files...
2017-09-21 00:16:35 23 [Note] InnoDB: Restoring possible half-written data pages 
2017-09-21 00:16:35 23 [Note] InnoDB: from the doublewrite buffer...
2017-09-21 00:16:36 23 [Note] InnoDB: 128 rollback segment(s) are active.
2017-09-21 00:16:36 23 [Note] InnoDB: Waiting for purge to start
2017-09-21 00:16:36 23 [Note] InnoDB: 5.6.36 started; log sequence number 1625997
2017-09-21 00:16:36 23 [Note] Server hostname (bind-address): '*'; port: 3306
2017-09-21 00:16:36 23 [Note] IPv6 is available.
2017-09-21 00:16:36 23 [Note]   - '::' resolves to '::';
2017-09-21 00:16:36 23 [Note] Server socket created on IP: '::'.
2017-09-21 00:16:36 23 [ERROR] /usr/sbin/mysqld: Table './mysql/user' is marked as crashed and should be repaired
2017-09-21 00:16:36 23 [Warning] Checking table:   './mysql/user'
2017-09-21 00:16:36 23 [ERROR] 1 client is using or hasn't closed the table properly
2017-09-21 00:16:36 23 [Warning] 'user' entry 'root@607924cbbc93' ignored in --skip-name-resolve mode.
2017-09-21 00:16:36 23 [Warning] 'user' entry '@607924cbbc93' ignored in --skip-name-resolve mode.
2017-09-21 00:16:36 23 [Warning] 'proxies_priv' entry '@ root@607924cbbc93' ignored in --skip-name-resolve mode.
2017-09-21 00:16:36 23 [Note] Event Scheduler: Loaded 0 events
2017-09-21 00:16:36 23 [Note] /usr/sbin/mysqld: ready for connections.
Version: '5.6.36'  socket: '/var/run/mysqld/mysqld.sock'  port: 3306  MySQL Community Server (GPL)
2017-09-21 02:07:38 22 [Warning] Using unique option prefix myisam-recover instead of myisam-recover-options is deprecated and will be removed in a future release. Please use the full name instead.
2017-09-21 02:07:38 22 [Note] Plugin 'FEDERATED' is disabled.
2017-09-21 02:07:38 22 [Note] InnoDB: Using atomics to ref count buffer pool pages
2017-09-21 02:07:38 22 [Note] InnoDB: The InnoDB memory heap is disabled
2017-09-21 02:07:38 22 [Note] InnoDB: Mutexes and rw_locks use GCC atomic builtins
2017-09-21 02:07:38 22 [Note] InnoDB: Memory barrier is not used
2017-09-21 02:07:38 22 [Note] InnoDB: Compressed tables use zlib 1.2.3
2017-09-21 02:07:38 22 [Note] InnoDB: Using Linux native AIO
2017-09-21 02:07:38 22 [Note] InnoDB: Using CPU crc32 instructions
2017-09-21 02:07:38 22 [Note] InnoDB: Initializing buffer pool, size = 8.0M
2017-09-21 02:07:38 22 [Note] InnoDB: Completed initialization of buffer pool
2017-09-21 02:07:39 22 [Note] InnoDB: Highest supported file format is Barracuda.
2017-09-21 02:07:39 22 [Note] InnoDB: The log sequence numbers 1625987 and 1625987 in ibdata files do not match the log sequence number 3196193 in the ib_logfiles!
2017-09-21 02:07:39 22 [Note] InnoDB: Database was not shutdown normally!
2017-09-21 02:07:39 22 [Note] InnoDB: Starting crash recovery.
2017-09-21 02:07:39 22 [Note] InnoDB: Reading tablespace information from the .ibd files...
2017-09-21 02:07:39 22 [Note] InnoDB: Restoring possible half-written data pages 
2017-09-21 02:07:39 22 [Note] InnoDB: from the doublewrite buffer...
2017-09-21 02:07:39 22 [Note] InnoDB: 128 rollback segment(s) are active.
2017-09-21 02:07:39 22 [Note] InnoDB: Waiting for purge to start
2017-09-21 02:07:39 22 [Note] InnoDB: 5.6.36 started; log sequence number 3196193
2017-09-21 02:07:39 22 [Note] Server hostname (bind-address): '*'; port: 3306
2017-09-21 02:07:39 22 [Note] IPv6 is available.
2017-09-21 02:07:39 22 [Note]   - '::' resolves to '::';
2017-09-21 02:07:39 22 [Note] Server socket created on IP: '::'.
2017-09-21 02:07:39 22 [Warning] 'user' entry 'root@607924cbbc93' ignored in --skip-name-resolve mode.
2017-09-21 02:07:39 22 [Warning] 'user' entry '@607924cbbc93' ignored in --skip-name-resolve mode.
2017-09-21 02:07:39 22 [Warning] 'proxies_priv' entry '@ root@607924cbbc93' ignored in --skip-name-resolve mode.
2017-09-21 02:07:39 22 [Note] Event Scheduler: Loaded 0 events
2017-09-21 02:07:39 22 [Note] /usr/sbin/mysqld: ready for connections.
Version: '5.6.36'  socket: '/var/run/mysqld/mysqld.sock'  port: 3306  MySQL Community Server (GPL)
2017-09-23 19:08:15 22 [Warning] Using unique option prefix myisam-recover instead of myisam-recover-options is deprecated and will be removed in a future release. Please use the full name instead.
2017-09-23 19:08:15 22 [Note] Plugin 'FEDERATED' is disabled.
2017-09-23 19:08:15 22 [Note] InnoDB: Using atomics to ref count buffer pool pages
2017-09-23 19:08:15 22 [Note] InnoDB: The InnoDB memory heap is disabled
2017-09-23 19:08:15 22 [Note] InnoDB: Mutexes and rw_locks use GCC atomic builtins
2017-09-23 19:08:15 22 [Note] InnoDB: Memory barrier is not used
2017-09-23 19:08:15 22 [Note] InnoDB: Compressed tables use zlib 1.2.3
2017-09-23 19:08:15 22 [Note] InnoDB: Using Linux native AIO
2017-09-23 19:08:15 22 [Note] InnoDB: Using CPU crc32 instructions
2017-09-23 19:08:15 22 [Note] InnoDB: Initializing buffer pool, size = 8.0M
2017-09-23 19:08:15 22 [Note] InnoDB: Completed initialization of buffer pool
2017-09-23 19:08:15 22 [Note] InnoDB: Highest supported file format is Barracuda.
2017-09-23 19:08:15 22 [Note] InnoDB: The log sequence numbers 1625987 and 1625987 in ibdata files do not match the log sequence number 3586706 in the ib_logfiles!
2017-09-23 19:08:15 22 [Note] InnoDB: Database was not shutdown normally!
2017-09-23 19:08:15 22 [Note] InnoDB: Starting crash recovery.
2017-09-23 19:08:15 22 [Note] InnoDB: Reading tablespace information from the .ibd files...
2017-09-23 19:08:15 22 [Note] InnoDB: Restoring possible half-written data pages 
2017-09-23 19:08:15 22 [Note] InnoDB: from the doublewrite buffer...
2017-09-23 19:08:16 22 [Note] InnoDB: 128 rollback segment(s) are active.
2017-09-23 19:08:16 22 [Note] InnoDB: Waiting for purge to start
2017-09-23 19:08:16 22 [Note] InnoDB: 5.6.36 started; log sequence number 3586706
2017-09-23 19:08:16 22 [Note] Server hostname (bind-address): '*'; port: 3306
2017-09-23 19:08:16 22 [Note] IPv6 is available.
2017-09-23 19:08:16 22 [Note]   - '::' resolves to '::';
2017-09-23 19:08:16 22 [Note] Server socket created on IP: '::'.
2017-09-23 19:08:16 22 [Warning] 'user' entry 'root@607924cbbc93' ignored in --skip-name-resolve mode.
2017-09-23 19:08:16 22 [Warning] 'user' entry '@607924cbbc93' ignored in --skip-name-resolve mode.
2017-09-23 19:08:16 22 [Warning] 'proxies_priv' entry '@ root@607924cbbc93' ignored in --skip-name-resolve mode.
2017-09-23 19:08:16 22 [Note] Event Scheduler: Loaded 0 events
2017-09-23 19:08:16 22 [Note] /usr/sbin/mysqld: ready for connections.
Version: '5.6.36'  socket: '/var/run/mysqld/mysqld.sock'  port: 3306  MySQL Community Server (GPL)
2017-09-23 19:22:58 21 [Warning] Using unique option prefix myisam-recover instead of myisam-recover-options is deprecated and will be removed in a future release. Please use the full name instead.
2017-09-23 19:22:58 21 [Note] Plugin 'FEDERATED' is disabled.
2017-09-23 19:22:58 21 [Note] InnoDB: Using atomics to ref count buffer pool pages
2017-09-23 19:22:58 21 [Note] InnoDB: The InnoDB memory heap is disabled
2017-09-23 19:22:58 21 [Note] InnoDB: Mutexes and rw_locks use GCC atomic builtins
2017-09-23 19:22:58 21 [Note] InnoDB: Memory barrier is not used
2017-09-23 19:22:58 21 [Note] InnoDB: Compressed tables use zlib 1.2.3
2017-09-23 19:22:58 21 [Note] InnoDB: Using Linux native AIO
2017-09-23 19:22:58 21 [Note] InnoDB: Using CPU crc32 instructions
2017-09-23 19:22:58 21 [Note] InnoDB: Initializing buffer pool, size = 8.0M
2017-09-23 19:22:58 21 [Note] InnoDB: Completed initialization of buffer pool
2017-09-23 19:22:59 21 [Note] InnoDB: Highest supported file format is Barracuda.
2017-09-23 19:22:59 21 [Note] InnoDB: The log sequence numbers 1625987 and 1625987 in ibdata files do not match the log sequence number 4061938 in the ib_logfiles!
2017-09-23 19:22:59 21 [Note] InnoDB: Database was not shutdown normally!
2017-09-23 19:22:59 21 [Note] InnoDB: Starting crash recovery.
2017-09-23 19:22:59 21 [Note] InnoDB: Reading tablespace information from the .ibd files...
2017-09-23 19:22:59 21 [Note] InnoDB: Restoring possible half-written data pages 
2017-09-23 19:22:59 21 [Note] InnoDB: from the doublewrite buffer...
2017-09-23 19:22:59 21 [Note] InnoDB: 128 rollback segment(s) are active.
2017-09-23 19:22:59 21 [Note] InnoDB: Waiting for purge to start
2017-09-23 19:22:59 21 [Note] InnoDB: 5.6.36 started; log sequence number 4061938
2017-09-23 19:22:59 21 [Note] Server hostname (bind-address): '*'; port: 3306
2017-09-23 19:22:59 21 [Note] IPv6 is available.
2017-09-23 19:22:59 21 [Note]   - '::' resolves to '::';
2017-09-23 19:22:59 21 [Note] Server socket created on IP: '::'.
2017-09-23 19:22:59 21 [Warning] 'user' entry 'root@607924cbbc93' ignored in --skip-name-resolve mode.
2017-09-23 19:22:59 21 [Warning] 'user' entry '@607924cbbc93' ignored in --skip-name-resolve mode.
2017-09-23 19:22:59 21 [Warning] 'proxies_priv' entry '@ root@607924cbbc93' ignored in --skip-name-resolve mode.
2017-09-23 19:22:59 21 [Note] Event Scheduler: Loaded 0 events
2017-09-23 19:22:59 21 [Note] /usr/sbin/mysqld: ready for connections.
Version: '5.6.36'  socket: '/var/run/mysqld/mysqld.sock'  port: 3306  MySQL Community Server (GPL)
2017-09-23 19:43:30 22 [Warning] Using unique option prefix myisam-recover instead of myisam-recover-options is deprecated and will be removed in a future release. Please use the full name instead.
2017-09-23 19:43:30 22 [Note] Plugin 'FEDERATED' is disabled.
2017-09-23 19:43:30 22 [Note] InnoDB: Using atomics to ref count buffer pool pages
2017-09-23 19:43:30 22 [Note] InnoDB: The InnoDB memory heap is disabled
2017-09-23 19:43:30 22 [Note] InnoDB: Mutexes and rw_locks use GCC atomic builtins
2017-09-23 19:43:30 22 [Note] InnoDB: Memory barrier is not used
2017-09-23 19:43:30 22 [Note] InnoDB: Compressed tables use zlib 1.2.3
2017-09-23 19:43:30 22 [Note] InnoDB: Using Linux native AIO
2017-09-23 19:43:30 22 [Note] InnoDB: Using CPU crc32 instructions
2017-09-23 19:43:30 22 [Note] InnoDB: Initializing buffer pool, size = 8.0M
2017-09-23 19:43:30 22 [Note] InnoDB: Completed initialization of buffer pool
2017-09-23 19:43:30 22 [Note] InnoDB: Highest supported file format is Barracuda.
2017-09-23 19:43:30 22 [Note] InnoDB: The log sequence numbers 1625987 and 1625987 in ibdata files do not match the log sequence number 4062196 in the ib_logfiles!
2017-09-23 19:43:30 22 [Note] InnoDB: Database was not shutdown normally!
2017-09-23 19:43:30 22 [Note] InnoDB: Starting crash recovery.
2017-09-23 19:43:30 22 [Note] InnoDB: Reading tablespace information from the .ibd files...
2017-09-23 19:43:30 22 [Note] InnoDB: Restoring possible half-written data pages 
2017-09-23 19:43:30 22 [Note] InnoDB: from the doublewrite buffer...
2017-09-23 19:43:30 22 [Note] InnoDB: 128 rollback segment(s) are active.
2017-09-23 19:43:30 22 [Note] InnoDB: Waiting for purge to start
2017-09-23 19:43:30 22 [Note] InnoDB: 5.6.36 started; log sequence number 4062196
2017-09-23 19:43:30 22 [Note] Server hostname (bind-address): '*'; port: 3306
2017-09-23 19:43:30 22 [Note] IPv6 is available.
2017-09-23 19:43:30 22 [Note]   - '::' resolves to '::';
2017-09-23 19:43:30 22 [Note] Server socket created on IP: '::'.
2017-09-23 19:43:30 22 [Warning] 'user' entry 'root@607924cbbc93' ignored in --skip-name-resolve mode.
2017-09-23 19:43:30 22 [Warning] 'user' entry '@607924cbbc93' ignored in --skip-name-resolve mode.
2017-09-23 19:43:30 22 [Warning] 'proxies_priv' entry '@ root@607924cbbc93' ignored in --skip-name-resolve mode.
2017-09-23 19:43:30 22 [Note] Event Scheduler: Loaded 0 events
2017-09-23 19:43:30 22 [Note] /usr/sbin/mysqld: ready for connections.
Version: '5.6.36'  socket: '/var/run/mysqld/mysqld.sock'  port: 3306  MySQL Community Server (GPL)
